<?xml version="1.0" encoding="UTF-8"?>
<!-- Generated by org.testng.reporters.JUnitReportReporter -->
<testsuite hostname="GauravAhuja" failures="0" tests="2" name="AmazonTestCasePackage.HomePage" time="29.802" errors="0" timestamp="2023-07-30T15:29:36 IST" skipped="0">
  <testcase classname="AmazonTestCasePackage.HomePage" name="signIn" time="21.857"/>
  <system-out/>
  <testcase classname="AmazonTestCasePackage.HomePage" name="titleSignIn" time="7.945"/>
  <system-out/>
</testsuite> <!-- AmazonTestCasePackage.HomePage -->
