<?xml version="1.0" encoding="UTF-8"?>
<!-- Generated by org.testng.reporters.JUnitReportReporter -->
<testsuite hostname="GauravAhuja" failures="0" tests="3" name="AmazonCartPackage.HrmLogin" time="49.409" errors="0" timestamp="2023-07-30T18:56:17 IST" skipped="0">
  <testcase classname="AmazonCartPackage.HrmLogin" name="hrmLoginDetail" time="19.832"/>
  <system-out/>
  <testcase classname="AmazonCartPackage.HrmLogin" name="hrmLoginDetail" time="14.278"/>
  <system-out/>
  <testcase classname="AmazonCartPackage.HrmLogin" name="hrmLoginDetail" time="15.299"/>
  <system-out/>
</testsuite> <!-- AmazonCartPackage.HrmLogin -->
