<?xml version="1.0" encoding="UTF-8"?>
<!-- Generated by org.testng.reporters.JUnitReportReporter -->
<testsuite hostname="GauravAhuja" failures="0" tests="1" name="AmazonCartPackage.AmazonCartClass" time="17.661" errors="0" timestamp="2023-07-30T15:29:36 IST" skipped="0">
  <testcase classname="AmazonCartPackage.AmazonCartClass" name="openHrm" time="17.661"/>
  <system-out/>
</testsuite> <!-- AmazonCartPackage.AmazonCartClass -->
