<?xml version="1.0" encoding="UTF-8"?>
<!-- Generated by org.testng.reporters.JUnitReportReporter -->
<testsuite hostname="GauravAhuja" failures="0" tests="5" name="AmazonTestCasePackage.SignInPage" time="32.618" errors="0" timestamp="2023-08-02T06:02:09 IST" skipped="0">
  <testcase classname="AmazonTestCasePackage.SignInPage" name="loginSignin" time="7.049"/>
  <system-out/>
  <testcase classname="AmazonTestCasePackage.SignInPage" name="loginSignin" time="9.438"/>
  <system-out/>
  <testcase classname="AmazonTestCasePackage.SignInPage" name="loginSignin" time="7.294"/>
  <system-out/>
  <testcase classname="AmazonTestCasePackage.SignInPage" name="loginSignin" time="7.100"/>
  <system-out/>
  <testcase classname="AmazonTestCasePackage.SignInPage" name="hashSign" time="1.737"/>
  <system-out/>
</testsuite> <!-- AmazonTestCasePackage.SignInPage -->
