<?xml version="1.0" encoding="UTF-8"?>
<!-- Generated by org.testng.reporters.JUnitReportReporter -->
<testsuite hostname="GauravAhuja" failures="0" tests="3" name="AmazonCartPackage.HrmLogin" time="49.449" errors="0" timestamp="2023-07-30T22:51:55 IST" skipped="0">
  <testcase classname="AmazonCartPackage.HrmLogin" name="hrmLoginDetail" time="14.250"/>
  <system-out/>
  <testcase classname="AmazonCartPackage.HrmLogin" name="hrmLoginDetail" time="21.051"/>
  <system-out/>
  <testcase classname="AmazonCartPackage.HrmLogin" name="hrmLoginDetail" time="14.148"/>
  <system-out/>
</testsuite> <!-- AmazonCartPackage.HrmLogin -->
